/*C1*/SET SCHEMA SYSTEM_LOBS
INSERT INTO BLOCKS VALUES(0,2147483647,0)
COMMIT
/*C2*/SET SCHEMA PUBLIC
DISCONNECT
/*C3*/SET SCHEMA PUBLIC
drop table if exists Movie CASCADE 
DISCONNECT
/*C4*/SET SCHEMA PUBLIC
create table Movie (id bigint generated by default as identity (start with 1), description varchar(255), title varchar(255), primary key (id))
DISCONNECT
/*C5*/SET SCHEMA PUBLIC
DISCONNECT
/*C6*/SET SCHEMA PUBLIC
drop table if exists Movie CASCADE 
DISCONNECT
/*C7*/SET SCHEMA PUBLIC
create table Movie (id bigint generated by default as identity (start with 1), description varchar(255), title varchar(255), primary key (id))
DISCONNECT
/*C8*/SET SCHEMA PUBLIC
DISCONNECT
/*C9*/SET SCHEMA PUBLIC
drop table if exists Movie CASCADE 
DISCONNECT
/*C10*/SET SCHEMA PUBLIC
create table Movie (id bigint generated by default as identity (start with 1), description varchar(255), title varchar(255), primary key (id))
DISCONNECT
/*C11*/SET SCHEMA PUBLIC
INSERT INTO MOVIE VALUES(1,'description','title')
COMMIT
DISCONNECT
/*C12*/SET SCHEMA PUBLIC
DISCONNECT
